Number of Players: 3
Number of Pieces: 1
Turn Limit: 50
Search Algorithm: paranoid
Starting Board
   *   
3 * * 4
 * * * 
* * * *
   1   

Evaluating Player1's move: piece from [4,3] to [3,2]
   *   
3 * * 4
 * * * 
* 1 * *
   *   

Result: OPEN
Execution Time: 19 ms
Nodes visited: 378
Leaf nodes: 67
Alpha-beta cutoffs: 41
TT stored: 308  TT hits: 70


Evaluating Player1's move: piece from [4,3] to [3,4]
   *   
3 * * 4
 * * * 
* * 1 *
   *   

Result: DRAW
Execution Time: 4 ms
Nodes visited: 383
Leaf nodes: 75
Alpha-beta cutoffs: 46
TT stored: 317  TT hits: 66


