Number of Players: 2
Number of Pieces: 6
Turn Limit: 20
Starting Board
         2         
        2 2        
       2 2 2       
* * * * * * * * * *
 * * * * * * * * * 
  * * * * * * * *  
   * * * * * * *   
  * * * * * * * *  
 * * * * * * * * * 
* * * * * * * * * *
       1 1 1       
        1 1        
         1         

Exception in thread "main" java.lang.OutOfMemoryError: Java heap space: failed reallocation of scalar replaced objects
	at Board.distanceToGoal(Board.java:558)
	at ChineseCheckers.moveEvaluation(ChineseCheckers.java:372)
	at ChineseCheckers.moveOrderingEvaluation(ChineseCheckers.java:288)
	at ChineseCheckers.minimaxab(ChineseCheckers.java:110)
	at ChineseCheckers.minimaxab(ChineseCheckers.java:92)
	at ChineseCheckers.minimaxab(ChineseCheckers.java:113)
	at ChineseCheckers.minimaxab(ChineseCheckers.java:92)
	at ChineseCheckers.minimaxab(ChineseCheckers.java:113)
	at ChineseCheckers.minimaxab(ChineseCheckers.java:92)
	at ChineseCheckers.minimaxab(ChineseCheckers.java:113)
	at ChineseCheckers.minimaxab(ChineseCheckers.java:92)
	at ChineseCheckers.minimaxab(ChineseCheckers.java:113)
	at ChineseCheckers.minimaxab(ChineseCheckers.java:92)
	at ChineseCheckers.minimaxab(ChineseCheckers.java:113)
	at ChineseCheckers.minimaxab(ChineseCheckers.java:92)
	at ChineseCheckers.minimaxab(ChineseCheckers.java:113)
	at ChineseCheckers.minimaxab(ChineseCheckers.java:92)
	at ChineseCheckers.minimaxab(ChineseCheckers.java:113)
	at ChineseCheckers.minimaxab(ChineseCheckers.java:92)
	at ChineseCheckers.minimaxab(ChineseCheckers.java:113)
	at ChineseCheckers.minimaxab(ChineseCheckers.java:92)
	at ChineseCheckers.minimaxab(ChineseCheckers.java:113)
	at ChineseCheckers.minimaxab(ChineseCheckers.java:92)
	at ChineseCheckers.analyzeGameTree(ChineseCheckers.java:141)
	at ChineseCheckers.main(ChineseCheckers.java:212)
